app/build/intermediates/manifest_merge_blame_file/release/manifest-merger-blame-release-report.txt
1<?xml version="1.0" encoding="utf-8"?>
2<manifest xmlns:android="http://schemas.android.com/apk/res/android"
3    package="com.phonebackup.app"
4    android:versionCode="1"
5    android:versionName="1.0" >
6
7    <uses-sdk
8        android:minSdkVersion="24"
9        android:targetSdkVersion="34" />
10
11    <uses-permission android:name="android.permission.INTERNET" />
11-->src/main/AndroidManifest.xml:6:5-66
11-->src/main/AndroidManifest.xml:6:22-64
12    <uses-permission android:name="android.permission.READ_MEDIA_IMAGES" />
12-->src/main/AndroidManifest.xml:7:5-75
12-->src/main/AndroidManifest.xml:7:22-73
13    <uses-permission android:name="android.permission.READ_MEDIA_VIDEO" />
13-->src/main/AndroidManifest.xml:8:5-74
13-->src/main/AndroidManifest.xml:8:22-72
14    <uses-permission
14-->src/main/AndroidManifest.xml:9:5-106
15        android:name="android.permission.READ_EXTERNAL_STORAGE"
15-->src/main/AndroidManifest.xml:9:22-77
16        android:maxSdkVersion="32" />
16-->src/main/AndroidManifest.xml:9:78-104
17    <uses-permission
17-->src/main/AndroidManifest.xml:10:5-107
18        android:name="android.permission.WRITE_EXTERNAL_STORAGE"
18-->src/main/AndroidManifest.xml:10:22-78
19        android:maxSdkVersion="28" />
19-->src/main/AndroidManifest.xml:10:79-105
20    <uses-permission android:name="android.permission.FOREGROUND_SERVICE" />
20-->src/main/AndroidManifest.xml:11:5-76
20-->src/main/AndroidManifest.xml:11:22-74
21    <uses-permission android:name="android.permission.FOREGROUND_SERVICE_DATA_SYNC" />
21-->src/main/AndroidManifest.xml:12:5-86
21-->src/main/AndroidManifest.xml:12:22-84
22    <uses-permission android:name="android.permission.CHANGE_NETWORK_STATE" />
22-->src/main/AndroidManifest.xml:13:5-78
22-->src/main/AndroidManifest.xml:13:22-76
23    <uses-permission android:name="android.permission.ACCESS_NETWORK_STATE" />
23-->src/main/AndroidManifest.xml:14:5-78
23-->src/main/AndroidManifest.xml:14:22-76
24    <uses-permission android:name="android.permission.ACCESS_WIFI_STATE" />
24-->src/main/AndroidManifest.xml:15:5-75
24-->src/main/AndroidManifest.xml:15:22-73
25    <uses-permission android:name="android.permission.RECEIVE_BOOT_COMPLETED" />
25-->src/main/AndroidManifest.xml:16:5-80
25-->src/main/AndroidManifest.xml:16:22-78
26    <uses-permission android:name="android.permission.WAKE_LOCK" />
26-->[androidx.work:work-runtime:2.9.0] AndroidManifest.xml:23:5-68
26-->[androidx.work:work-runtime:2.9.0] AndroidManifest.xml:23:22-65
27
28    <permission
28-->[androidx.core:core:1.12.0] AndroidManifest.xml:22:5-24:47
29        android:name="com.phonebackup.app.DYNAMIC_RECEIVER_NOT_EXPORTED_PERMISSION"
29-->[androidx.core:core:1.12.0] AndroidManifest.xml:23:9-81
30        android:protectionLevel="signature" />
30-->[androidx.core:core:1.12.0] AndroidManifest.xml:24:9-44
31
32    <uses-permission android:name="com.phonebackup.app.DYNAMIC_RECEIVER_NOT_EXPORTED_PERMISSION" />
32-->[androidx.core:core:1.12.0] AndroidManifest.xml:26:5-97
32-->[androidx.core:core:1.12.0] AndroidManifest.xml:26:22-94
33
34    <application
34-->src/main/AndroidManifest.xml:18:5-45:19
35        android:name="com.phonebackup.app.BackupApp"
35-->src/main/AndroidManifest.xml:19:9-34
36        android:allowBackup="false"
36-->src/main/AndroidManifest.xml:20:9-36
37        android:appComponentFactory="androidx.core.app.CoreComponentFactory"
37-->[androidx.core:core:1.12.0] AndroidManifest.xml:28:18-86
38        android:extractNativeLibs="false"
39        android:icon="@mipmap/ic_launcher"
39-->src/main/AndroidManifest.xml:21:9-43
40        android:label="@string/app_name"
40-->src/main/AndroidManifest.xml:22:9-41
41        android:networkSecurityConfig="@xml/network_security_config"
41-->src/main/AndroidManifest.xml:27:9-69
42        android:roundIcon="@mipmap/ic_launcher_round"
42-->src/main/AndroidManifest.xml:24:9-54
43        android:supportsRtl="true"
43-->src/main/AndroidManifest.xml:25:9-35
44        android:theme="@style/Theme.PhoneBackupApp"
44-->src/main/AndroidManifest.xml:26:9-52
45        android:usesCleartextTraffic="false" >
45-->src/main/AndroidManifest.xml:23:9-45
46        <activity
46-->src/main/AndroidManifest.xml:29:9-37:20
47            android:name="com.phonebackup.app.MainActivity"
47-->src/main/AndroidManifest.xml:30:13-41
48            android:exported="true"
48-->src/main/AndroidManifest.xml:31:13-36
49            android:theme="@style/Theme.PhoneBackupApp.NoActionBar" >
49-->src/main/AndroidManifest.xml:32:13-68
50            <intent-filter>
50-->src/main/AndroidManifest.xml:33:13-36:29
51                <action android:name="android.intent.action.MAIN" />
51-->src/main/AndroidManifest.xml:34:17-69
51-->src/main/AndroidManifest.xml:34:25-66
52
53                <category android:name="android.intent.category.LAUNCHER" />
53-->src/main/AndroidManifest.xml:35:17-77
53-->src/main/AndroidManifest.xml:35:27-74
54            </intent-filter>
55        </activity>
56
57        <service
57-->src/main/AndroidManifest.xml:39:9-43:34
58            android:name="androidx.work.impl.foreground.SystemForegroundService"
58-->src/main/AndroidManifest.xml:40:13-81
59            android:directBootAware="false"
59-->[androidx.work:work-runtime:2.9.0] AndroidManifest.xml:55:13-44
60            android:enabled="@bool/enable_system_foreground_service_default"
60-->[androidx.work:work-runtime:2.9.0] AndroidManifest.xml:56:13-77
61            android:exported="false"
61-->src/main/AndroidManifest.xml:41:13-37
62            android:foregroundServiceType="dataSync" />
62-->src/main/AndroidManifest.xml:42:13-53
63
64        <provider
64-->[androidx.work:work-runtime:2.9.0] AndroidManifest.xml:29:9-37:20
65            android:name="androidx.startup.InitializationProvider"
65-->[androidx.work:work-runtime:2.9.0] AndroidManifest.xml:30:13-67
66            android:authorities="com.phonebackup.app.androidx-startup"
66-->[androidx.work:work-runtime:2.9.0] AndroidManifest.xml:31:13-68
67            android:exported="false" >
67-->[androidx.work:work-runtime:2.9.0] AndroidManifest.xml:32:13-37
68            <meta-data
68-->[androidx.work:work-runtime:2.9.0] AndroidManifest.xml:34:13-36:52
69                android:name="androidx.work.WorkManagerInitializer"
69-->[androidx.work:work-runtime:2.9.0] AndroidManifest.xml:35:17-68
70                android:value="androidx.startup" />
70-->[androidx.work:work-runtime:2.9.0] AndroidManifest.xml:36:17-49
71            <meta-data
71-->[androidx.emoji2:emoji2:1.2.0] AndroidManifest.xml:29:13-31:52
72                android:name="androidx.emoji2.text.EmojiCompatInitializer"
72-->[androidx.emoji2:emoji2:1.2.0] AndroidManifest.xml:30:17-75
73                android:value="androidx.startup" />
73-->[androidx.emoji2:emoji2:1.2.0] AndroidManifest.xml:31:17-49
74            <meta-data
74-->[androidx.lifecycle:lifecycle-process:2.6.2] AndroidManifest.xml:29:13-31:52
75                android:name="androidx.lifecycle.ProcessLifecycleInitializer"
75-->[androidx.lifecycle:lifecycle-process:2.6.2] AndroidManifest.xml:30:17-78
76                android:value="androidx.startup" />
76-->[androidx.lifecycle:lifecycle-process:2.6.2] AndroidManifest.xml:31:17-49
77            <meta-data
77-->[androidx.profileinstaller:profileinstaller:1.3.0] AndroidManifest.xml:29:13-31:52
78                android:name="androidx.profileinstaller.ProfileInstallerInitializer"
78-->[androidx.profileinstaller:profileinstaller:1.3.0] AndroidManifest.xml:30:17-85
79                android:value="androidx.startup" />
79-->[androidx.profileinstaller:profileinstaller:1.3.0] AndroidManifest.xml:31:17-49
80        </provider>
81
82        <service
82-->[androidx.work:work-runtime:2.9.0] AndroidManifest.xml:39:9-45:35
83            android:name="androidx.work.impl.background.systemalarm.SystemAlarmService"
83-->[androidx.work:work-runtime:2.9.0] AndroidManifest.xml:40:13-88
84            android:directBootAware="false"
84-->[androidx.work:work-runtime:2.9.0] AndroidManifest.xml:41:13-44
85            android:enabled="@bool/enable_system_alarm_service_default"
85-->[androidx.work:work-runtime:2.9.0] AndroidManifest.xml:42:13-72
86            android:exported="false" />
86-->[androidx.work:work-runtime:2.9.0] AndroidManifest.xml:43:13-37
87        <service
87-->[androidx.work:work-runtime:2.9.0] AndroidManifest.xml:46:9-52:35
88            android:name="androidx.work.impl.background.systemjob.SystemJobService"
88-->[androidx.work:work-runtime:2.9.0] AndroidManifest.xml:47:13-84
89            android:directBootAware="false"
89-->[androidx.work:work-runtime:2.9.0] AndroidManifest.xml:48:13-44
90            android:enabled="@bool/enable_system_job_service_default"
90-->[androidx.work:work-runtime:2.9.0] AndroidManifest.xml:49:13-70
91            android:exported="true"
91-->[androidx.work:work-runtime:2.9.0] AndroidManifest.xml:50:13-36
92            android:permission="android.permission.BIND_JOB_SERVICE" />
92-->[androidx.work:work-runtime:2.9.0] AndroidManifest.xml:51:13-69
93
94        <receiver
94-->[androidx.work:work-runtime:2.9.0] AndroidManifest.xml:61:9-66:35
95            android:name="androidx.work.impl.utils.ForceStopRunnable$BroadcastReceiver"
95-->[androidx.work:work-runtime:2.9.0] AndroidManifest.xml:62:13-88
96            android:directBootAware="false"
96-->[androidx.work:work-runtime:2.9.0] AndroidManifest.xml:63:13-44
97            android:enabled="true"
97-->[androidx.work:work-runtime:2.9.0] AndroidManifest.xml:64:13-35
98            android:exported="false" />
98-->[androidx.work:work-runtime:2.9.0] AndroidManifest.xml:65:13-37
99        <receiver
99-->[androidx.work:work-runtime:2.9.0] AndroidManifest.xml:67:9-77:20
100            android:name="androidx.work.impl.background.systemalarm.ConstraintProxy$BatteryChargingProxy"
100-->[androidx.work:work-runtime:2.9.0] AndroidManifest.xml:68:13-106
101            android:directBootAware="false"
101-->[androidx.work:work-runtime:2.9.0] AndroidManifest.xml:69:13-44
102            android:enabled="false"
102-->[androidx.work:work-runtime:2.9.0] AndroidManifest.xml:70:13-36
103            android:exported="false" >
103-->[androidx.work:work-runtime:2.9.0] AndroidManifest.xml:71:13-37
104            <intent-filter>
104-->[androidx.work:work-runtime:2.9.0] AndroidManifest.xml:73:13-76:29
105                <action android:name="android.intent.action.ACTION_POWER_CONNECTED" />
105-->[androidx.work:work-runtime:2.9.0] AndroidManifest.xml:74:17-87
105-->[androidx.work:work-runtime:2.9.0] AndroidManifest.xml:74:25-84
106                <action android:name="android.intent.action.ACTION_POWER_DISCONNECTED" />
106-->[androidx.work:work-runtime:2.9.0] AndroidManifest.xml:75:17-90
106-->[androidx.work:work-runtime:2.9.0] AndroidManifest.xml:75:25-87
107            </intent-filter>
108        </receiver>
109        <receiver
109-->[androidx.work:work-runtime:2.9.0] AndroidManifest.xml:78:9-88:20
110            android:name="androidx.work.impl.background.systemalarm.ConstraintProxy$BatteryNotLowProxy"
110-->[androidx.work:work-runtime:2.9.0] AndroidManifest.xml:79:13-104
111            android:directBootAware="false"
111-->[androidx.work:work-runtime:2.9.0] AndroidManifest.xml:80:13-44
112            android:enabled="false"
112-->[androidx.work:work-runtime:2.9.0] AndroidManifest.xml:81:13-36
113            android:exported="false" >
113-->[androidx.work:work-runtime:2.9.0] AndroidManifest.xml:82:13-37
114            <intent-filter>
114-->[androidx.work:work-runtime:2.9.0] AndroidManifest.xml:84:13-87:29
115                <action android:name="android.intent.action.BATTERY_OKAY" />
115-->[androidx.work:work-runtime:2.9.0] AndroidManifest.xml:85:17-77
115-->[androidx.work:work-runtime:2.9.0] AndroidManifest.xml:85:25-74
116                <action android:name="android.intent.action.BATTERY_LOW" />
116-->[androidx.work:work-runtime:2.9.0] AndroidManifest.xml:86:17-76
116-->[androidx.work:work-runtime:2.9.0] AndroidManifest.xml:86:25-73
117            </intent-filter>
118        </receiver>
119        <receiver
119-->[androidx.work:work-runtime:2.9.0] AndroidManifest.xml:89:9-99:20
120            android:name="androidx.work.impl.background.systemalarm.ConstraintProxy$StorageNotLowProxy"
120-->[androidx.work:work-runtime:2.9.0] AndroidManifest.xml:90:13-104
121            android:directBootAware="false"
121-->[androidx.work:work-runtime:2.9.0] AndroidManifest.xml:91:13-44
122            android:enabled="false"
122-->[androidx.work:work-runtime:2.9.0] AndroidManifest.xml:92:13-36
123            android:exported="false" >
123-->[androidx.work:work-runtime:2.9.0] AndroidManifest.xml:93:13-37
124            <intent-filter>
124-->[androidx.work:work-runtime:2.9.0] AndroidManifest.xml:95:13-98:29
125                <action android:name="android.intent.action.DEVICE_STORAGE_LOW" />
125-->[androidx.work:work-runtime:2.9.0] AndroidManifest.xml:96:17-83
125-->[androidx.work:work-runtime:2.9.0] AndroidManifest.xml:96:25-80
126                <action android:name="android.intent.action.DEVICE_STORAGE_OK" />
126-->[androidx.work:work-runtime:2.9.0] AndroidManifest.xml:97:17-82
126-->[androidx.work:work-runtime:2.9.0] AndroidManifest.xml:97:25-79
127            </intent-filter>
128        </receiver>
129        <receiver
129-->[androidx.work:work-runtime:2.9.0] AndroidManifest.xml:100:9-109:20
130            android:name="androidx.work.impl.background.systemalarm.ConstraintProxy$NetworkStateProxy"
130-->[androidx.work:work-runtime:2.9.0] AndroidManifest.xml:101:13-103
131            android:directBootAware="false"
131-->[androidx.work:work-runtime:2.9.0] AndroidManifest.xml:102:13-44
132            android:enabled="false"
132-->[androidx.work:work-runtime:2.9.0] AndroidManifest.xml:103:13-36
133            android:exported="false" >
133-->[androidx.work:work-runtime:2.9.0] AndroidManifest.xml:104:13-37
134            <intent-filter>
134-->[androidx.work:work-runtime:2.9.0] AndroidManifest.xml:106:13-108:29
135                <action android:name="android.net.conn.CONNECTIVITY_CHANGE" />
135-->[androidx.work:work-runtime:2.9.0] AndroidManifest.xml:107:17-79
135-->[androidx.work:work-runtime:2.9.0] AndroidManifest.xml:107:25-76
136            </intent-filter>
137        </receiver>
138        <receiver
138-->[androidx.work:work-runtime:2.9.0] AndroidManifest.xml:110:9-121:20
139            android:name="androidx.work.impl.background.systemalarm.RescheduleReceiver"
139-->[androidx.work:work-runtime:2.9.0] AndroidManifest.xml:111:13-88
140            android:directBootAware="false"
140-->[androidx.work:work-runtime:2.9.0] AndroidManifest.xml:112:13-44
141            android:enabled="false"
141-->[androidx.work:work-runtime:2.9.0] AndroidManifest.xml:113:13-36
142            android:exported="false" >
142-->[androidx.work:work-runtime:2.9.0] AndroidManifest.xml:114:13-37
143            <intent-filter>
143-->[androidx.work:work-runtime:2.9.0] AndroidManifest.xml:116:13-120:29
144                <action android:name="android.intent.action.BOOT_COMPLETED" />
144-->[androidx.work:work-runtime:2.9.0] AndroidManifest.xml:117:17-79
144-->[androidx.work:work-runtime:2.9.0] AndroidManifest.xml:117:25-76
145                <action android:name="android.intent.action.TIME_SET" />
145-->[androidx.work:work-runtime:2.9.0] AndroidManifest.xml:118:17-73
145-->[androidx.work:work-runtime:2.9.0] AndroidManifest.xml:118:25-70
146                <action android:name="android.intent.action.TIMEZONE_CHANGED" />
146-->[androidx.work:work-runtime:2.9.0] AndroidManifest.xml:119:17-81
146-->[androidx.work:work-runtime:2.9.0] AndroidManifest.xml:119:25-78
147            </intent-filter>
148        </receiver>
149        <receiver
149-->[androidx.work:work-runtime:2.9.0] AndroidManifest.xml:122:9-131:20
150            android:name="androidx.work.impl.background.systemalarm.ConstraintProxyUpdateReceiver"
150-->[androidx.work:work-runtime:2.9.0] AndroidManifest.xml:123:13-99
151            android:directBootAware="false"
151-->[androidx.work:work-runtime:2.9.0] AndroidManifest.xml:124:13-44
152            android:enabled="@bool/enable_system_alarm_service_default"
152-->[androidx.work:work-runtime:2.9.0] AndroidManifest.xml:125:13-72
153            android:exported="false" >
153-->[androidx.work:work-runtime:2.9.0] AndroidManifest.xml:126:13-37
154            <intent-filter>
154-->[androidx.work:work-runtime:2.9.0] AndroidManifest.xml:128:13-130:29
155                <action android:name="androidx.work.impl.background.systemalarm.UpdateProxies" />
155-->[androidx.work:work-runtime:2.9.0] AndroidManifest.xml:129:17-98
155-->[androidx.work:work-runtime:2.9.0] AndroidManifest.xml:129:25-95
156            </intent-filter>
157        </receiver>
158        <receiver
158-->[androidx.work:work-runtime:2.9.0] AndroidManifest.xml:132:9-142:20
159            android:name="androidx.work.impl.diagnostics.DiagnosticsReceiver"
159-->[androidx.work:work-runtime:2.9.0] AndroidManifest.xml:133:13-78
160            android:directBootAware="false"
160-->[androidx.work:work-runtime:2.9.0] AndroidManifest.xml:134:13-44
161            android:enabled="true"
161-->[androidx.work:work-runtime:2.9.0] AndroidManifest.xml:135:13-35
162            android:exported="true"
162-->[androidx.work:work-runtime:2.9.0] AndroidManifest.xml:136:13-36
163            android:permission="android.permission.DUMP" >
163-->[androidx.work:work-runtime:2.9.0] AndroidManifest.xml:137:13-57
164            <intent-filter>
164-->[androidx.work:work-runtime:2.9.0] AndroidManifest.xml:139:13-141:29
165                <action android:name="androidx.work.diagnostics.REQUEST_DIAGNOSTICS" />
165-->[androidx.work:work-runtime:2.9.0] AndroidManifest.xml:140:17-88
165-->[androidx.work:work-runtime:2.9.0] AndroidManifest.xml:140:25-85
166            </intent-filter>
167        </receiver>
168
169        <uses-library
169-->[androidx.window:window:1.0.0] AndroidManifest.xml:25:9-27:40
170            android:name="androidx.window.extensions"
170-->[androidx.window:window:1.0.0] AndroidManifest.xml:26:13-54
171            android:required="false" />
171-->[androidx.window:window:1.0.0] AndroidManifest.xml:27:13-37
172        <uses-library
172-->[androidx.window:window:1.0.0] AndroidManifest.xml:28:9-30:40
173            android:name="androidx.window.sidecar"
173-->[androidx.window:window:1.0.0] AndroidManifest.xml:29:13-51
174            android:required="false" />
174-->[androidx.window:window:1.0.0] AndroidManifest.xml:30:13-37
175
176        <service
176-->[androidx.room:room-runtime:2.5.0] AndroidManifest.xml:24:9-28:63
177            android:name="androidx.room.MultiInstanceInvalidationService"
177-->[androidx.room:room-runtime:2.5.0] AndroidManifest.xml:25:13-74
178            android:directBootAware="true"
178-->[androidx.room:room-runtime:2.5.0] AndroidManifest.xml:26:13-43
179            android:exported="false" />
179-->[androidx.room:room-runtime:2.5.0] AndroidManifest.xml:27:13-37
180
181        <receiver
181-->[androidx.profileinstaller:profileinstaller:1.3.0] AndroidManifest.xml:34:9-52:20
182            android:name="androidx.profileinstaller.ProfileInstallReceiver"
182-->[androidx.profileinstaller:profileinstaller:1.3.0] AndroidManifest.xml:35:13-76
183            android:directBootAware="false"
183-->[androidx.profileinstaller:profileinstaller:1.3.0] AndroidManifest.xml:36:13-44
184            android:enabled="true"
184-->[androidx.profileinstaller:profileinstaller:1.3.0] AndroidManifest.xml:37:13-35
185            android:exported="true"
185-->[androidx.profileinstaller:profileinstaller:1.3.0] AndroidManifest.xml:38:13-36
186            android:permission="android.permission.DUMP" >
186-->[androidx.profileinstaller:profileinstaller:1.3.0] AndroidManifest.xml:39:13-57
187            <intent-filter>
187-->[androidx.profileinstaller:profileinstaller:1.3.0] AndroidManifest.xml:40:13-42:29
188                <action android:name="androidx.profileinstaller.action.INSTALL_PROFILE" />
188-->[androidx.profileinstaller:profileinstaller:1.3.0] AndroidManifest.xml:41:17-91
188-->[androidx.profileinstaller:profileinstaller:1.3.0] AndroidManifest.xml:41:25-88
189            </intent-filter>
190            <intent-filter>
190-->[androidx.profileinstaller:profileinstaller:1.3.0] AndroidManifest.xml:43:13-45:29
191                <action android:name="androidx.profileinstaller.action.SKIP_FILE" />
191-->[androidx.profileinstaller:profileinstaller:1.3.0] AndroidManifest.xml:44:17-85
191-->[androidx.profileinstaller:profileinstaller:1.3.0] AndroidManifest.xml:44:25-82
192            </intent-filter>
193            <intent-filter>
193-->[androidx.profileinstaller:profileinstaller:1.3.0] AndroidManifest.xml:46:13-48:29
194                <action android:name="androidx.profileinstaller.action.SAVE_PROFILE" />
194-->[androidx.profileinstaller:profileinstaller:1.3.0] AndroidManifest.xml:47:17-88
194-->[androidx.profileinstaller:profileinstaller:1.3.0] AndroidManifest.xml:47:25-85
195            </intent-filter>
196            <intent-filter>
196-->[androidx.profileinstaller:profileinstaller:1.3.0] AndroidManifest.xml:49:13-51:29
197                <action android:name="androidx.profileinstaller.action.BENCHMARK_OPERATION" />
197-->[androidx.profileinstaller:profileinstaller:1.3.0] AndroidManifest.xml:50:17-95
197-->[androidx.profileinstaller:profileinstaller:1.3.0] AndroidManifest.xml:50:25-92
198            </intent-filter>
199        </receiver>
200    </application>
201
202</manifest>